<?xml version="1.0" encoding="UTF-8"?>
<testng-results ignored="0" total="6" passed="6" failed="0" skipped="0">
  <reporter-output>
  </reporter-output>
  <suite started-at="2024-11-03T18:47:06 IST" name="Suite" finished-at="2024-11-03T18:47:12 IST" duration-ms="6009">
    <groups>
    </groups>
    <test started-at="2024-11-03T18:47:06 IST" name="Test" finished-at="2024-11-03T18:47:12 IST" duration-ms="6009">
      <class name="com.example.SwagLabs">
        <test-method is-config="true" signature="loginPage()[pri:0, instance:com.example.SwagLabs@384ad17b]" started-at="2024-11-03T18:47:06 IST" name="loginPage" description="Setting up the broswer and navigating to the site" finished-at="2024-11-03T18:47:11 IST" duration-ms="4270" status="PASS">
          <reporter-output>
          </reporter-output>
        </test-method> <!-- loginPage -->
        <test-method signature="performLogin()[pri:1, instance:com.example.SwagLabs@384ad17b]" started-at="2024-11-03T18:47:11 IST" name="performLogin" description="Logging in by entering valid username and password" finished-at="2024-11-03T18:47:11 IST" duration-ms="616" status="PASS">
          <reporter-output>
          </reporter-output>
        </test-method> <!-- performLogin -->
        <test-method signature="addToCart()[pri:2, instance:com.example.SwagLabs@384ad17b]" started-at="2024-11-03T18:47:11 IST" name="addToCart" description="Adding a product to cart" finished-at="2024-11-03T18:47:11 IST" depends-on-methods="com.example.SwagLabs.performLogin" duration-ms="97" status="PASS">
          <reporter-output>
          </reporter-output>
        </test-method> <!-- addToCart -->
        <test-method signature="navigateToCart()[pri:3, instance:com.example.SwagLabs@384ad17b]" started-at="2024-11-03T18:47:11 IST" name="navigateToCart" description="Clicking on cart button" finished-at="2024-11-03T18:47:11 IST" duration-ms="99" status="PASS">
          <reporter-output>
          </reporter-output>
        </test-method> <!-- navigateToCart -->
        <test-method signature="checkOut()[pri:4, instance:com.example.SwagLabs@384ad17b]" started-at="2024-11-03T18:47:11 IST" name="checkOut" description="Clicing on check" finished-at="2024-11-03T18:47:11 IST" duration-ms="90" status="PASS">
          <reporter-output>
          </reporter-output>
        </test-method> <!-- checkOut -->
        <test-method signature="yourInfo()[pri:5, instance:com.example.SwagLabs@384ad17b]" started-at="2024-11-03T18:47:11 IST" name="yourInfo" description="Entering checkout infos" finished-at="2024-11-03T18:47:12 IST" duration-ms="381" status="PASS">
          <reporter-output>
          </reporter-output>
        </test-method> <!-- yourInfo -->
        <test-method signature="orderDetails()[pri:6, instance:com.example.SwagLabs@384ad17b]" started-at="2024-11-03T18:47:12 IST" name="orderDetails" description="Fetcging ordr dtails" finished-at="2024-11-03T18:47:12 IST" duration-ms="116" status="PASS">
          <reporter-output>
          </reporter-output>
        </test-method> <!-- orderDetails -->
        <test-method is-config="true" signature="closeBrowser()[pri:0, instance:com.example.SwagLabs@384ad17b]" started-at="2024-11-03T18:47:12 IST" name="closeBrowser" description="Closes the browser" finished-at="2024-11-03T18:47:12 IST" duration-ms="270" status="PASS">
          <reporter-output>
          </reporter-output>
        </test-method> <!-- closeBrowser -->
      </class> <!-- com.example.SwagLabs -->
    </test> <!-- Test -->
  </suite> <!-- Suite -->
</testng-results>
