<?xml version="1.0" encoding="UTF-8"?>
<testng-results ignored="0" total="2" passed="2" failed="0" skipped="0">
  <reporter-output>
  </reporter-output>
  <suite started-at="2024-11-03T00:49:39 IST" name="Suite" finished-at="2024-11-03T00:49:42 IST" duration-ms="3230">
    <groups>
    </groups>
    <test started-at="2024-11-03T00:49:39 IST" name="Test" finished-at="2024-11-03T00:49:42 IST" duration-ms="3230">
      <class name="com.example.SwagLabs">
        <test-method is-config="true" signature="loginPage()[pri:0, instance:com.example.SwagLabs@384ad17b]" started-at="2024-11-03T00:49:39 IST" name="loginPage" description="Setting up the broswer and navigating to the site" finished-at="2024-11-03T00:49:41 IST" duration-ms="2317" status="PASS">
          <reporter-output>
          </reporter-output>
        </test-method> <!-- loginPage -->
        <test-method signature="performLogin()[pri:1, instance:com.example.SwagLabs@384ad17b]" started-at="2024-11-03T00:49:41 IST" name="performLogin" description="Logging in by entering valid username and password" finished-at="2024-11-03T00:49:41 IST" duration-ms="507" status="PASS">
          <reporter-output>
          </reporter-output>
        </test-method> <!-- performLogin -->
        <test-method signature="addToCart()[pri:2, instance:com.example.SwagLabs@384ad17b]" started-at="2024-11-03T00:49:41 IST" name="addToCart" description="Adding a product to cart" finished-at="2024-11-03T00:49:42 IST" depends-on-methods="com.example.SwagLabs.performLogin" duration-ms="83" status="PASS">
          <reporter-output>
          </reporter-output>
        </test-method> <!-- addToCart -->
        <test-method is-config="true" signature="closeBrowser()[pri:0, instance:com.example.SwagLabs@384ad17b]" started-at="2024-11-03T00:49:42 IST" name="closeBrowser" description="Closes the browser" finished-at="2024-11-03T00:49:42 IST" duration-ms="233" status="PASS">
          <reporter-output>
          </reporter-output>
        </test-method> <!-- closeBrowser -->
      </class> <!-- com.example.SwagLabs -->
    </test> <!-- Test -->
  </suite> <!-- Suite -->
</testng-results>
