<?xml version="1.0" encoding="UTF-8"?>
<!-- Generated by org.testng.reporters.JUnitXMLReporter -->
<testsuite ignored="0" hostname="YOGESH-NAIK" failures="0" tests="6" name="Test" time="6.009" errors="0" timestamp="2024-11-03T18:47:12 IST">
  <testcase classname="com.example.SwagLabs" name="performLogin" time="0.616"/>
  <testcase classname="com.example.SwagLabs" name="addToCart" time="0.097"/>
  <testcase classname="com.example.SwagLabs" name="navigateToCart" time="0.099"/>
  <testcase classname="com.example.SwagLabs" name="checkOut" time="0.09"/>
  <testcase classname="com.example.SwagLabs" name="yourInfo" time="0.381"/>
  <testcase classname="com.example.SwagLabs" name="orderDetails" time="0.116"/>
</testsuite> <!-- Test -->
